# JRE version: OpenJDK Runtime Environment (8.0_202-b03) (build 1.8.0_202-release-1483-b03)
# Java VM: OpenJDK 64-Bit Server VM (25.202-b03 mixed mode windows-amd64 compressed oops)
Heap:
 PSYoungGen      total 366080K, used 150740K [0x00000000e0000000, 0x00000000fa580000, 0x0000000100000000)
  eden space 326656K, 39% used [0x00000000e0000000,0x00000000e7ca20d0,0x00000000f3f00000)
  from space 39424K, 58% used [0x00000000f3f00000,0x00000000f55931d8,0x00000000f6580000)
  to   space 36352K, 0% used [0x00000000f8200000,0x00000000f8200000,0x00000000fa580000)
 ParOldGen       total 321024K, used 66447K [0x00000000a0000000, 0x00000000b3980000, 0x00000000e0000000)
  object space 321024K, 20% used [0x00000000a0000000,0x00000000a40e3cd8,0x00000000b3980000)
 Metaspace       used 109326K, capacity 114886K, committed 115148K, reserved 1148928K
  class space    used 13832K, capacity 14984K, committed 15104K, reserved 1048576K
GC Heap History (10 events):
Event: 1454.372 GC heap before
{Heap before GC invocations=31 (full 4):
 PSYoungGen      total 339456K, used 318455K [0x00000000e0000000, 0x00000000f7680000, 0x0000000100000000)
  eden space 297472K, 100% used [0x00000000e0000000,0x00000000f2280000,0x00000000f2280000)
  from space 41984K, 49% used [0x00000000f4d80000,0x00000000f61fdef8,0x00000000f7680000)
  to   space 43008K, 0% used [0x00000000f2280000,0x00000000f2280000,0x00000000f4c80000)
 ParOldGen       total 321024K, used 66407K [0x00000000a0000000, 0x00000000b3980000, 0x00000000e0000000)
  object space 321024K, 20% used [0x00000000a0000000,0x00000000a40d9cd8,0x00000000b3980000)
 Metaspace       used 109132K, capacity 114642K, committed 114764K, reserved 1148928K
  class space    used 13823K, capacity 14950K, committed 14976K, reserved 1048576K
Event: 1454.387 GC heap after
Heap after GC invocations=31 (full 4):
 PSYoungGen      total 340480K, used 23136K [0x00000000e0000000, 0x00000000f8e00000, 0x0000000100000000)
  eden space 297472K, 0% used [0x00000000e0000000,0x00000000e0000000,0x00000000f2280000)
  from space 43008K, 53% used [0x00000000f2280000,0x00000000f3918310,0x00000000f4c80000)
  to   space 40960K, 0% used [0x00000000f6600000,0x00000000f6600000,0x00000000f8e00000)
 ParOldGen       total 321024K, used 66415K [0x00000000a0000000, 0x00000000b3980000, 0x00000000e0000000)
  object space 321024K, 20% used [0x00000000a0000000,0x00000000a40dbcd8,0x00000000b3980000)
 Metaspace       used 109132K, capacity 114642K, committed 114764K, reserved 1148928K
  class space    used 13823K, capacity 14950K, committed 14976K, reserved 1048576K
}
Event: 1455.722 GC heap before
{Heap before GC invocations=32 (full 4):
 PSYoungGen      total 340480K, used 320608K [0x00000000e0000000, 0x00000000f8e00000, 0x0000000100000000)
  eden space 297472K, 100% used [0x00000000e0000000,0x00000000f2280000,0x00000000f2280000)
  from space 43008K, 53% used [0x00000000f2280000,0x00000000f3918310,0x00000000f4c80000)
  to   space 40960K, 0% used [0x00000000f6600000,0x00000000f6600000,0x00000000f8e00000)
 ParOldGen       total 321024K, used 66415K [0x00000000a0000000, 0x00000000b3980000, 0x00000000e0000000)
  object space 321024K, 20% used [0x00000000a0000000,0x00000000a40dbcd8,0x00000000b3980000)
 Metaspace       used 109214K, capacity 114712K, committed 114764K, reserved 1148928K
  class space    used 13829K, capacity 14951K, committed 14976K, reserved 1048576K
Event: 1455.741 GC heap after
Heap after GC invocations=32 (full 4):
 PSYoungGen      total 365568K, used 23116K [0x00000000e0000000, 0x00000000f8c00000, 0x0000000100000000)
  eden space 326656K, 0% used [0x00000000e0000000,0x00000000e0000000,0x00000000f3f00000)
  from space 38912K, 59% used [0x00000000f6600000,0x00000000f7c93108,0x00000000f8c00000)
  to   space 39424K, 0% used [0x00000000f3f00000,0x00000000f3f00000,0x00000000f6580000)
 ParOldGen       total 321024K, used 66423K [0x00000000a0000000, 0x00000000b3980000, 0x00000000e0000000)
  object space 321024K, 20% used [0x00000000a0000000,0x00000000a40ddcd8,0x00000000b3980000)
 Metaspace       used 109214K, capacity 114712K, committed 114764K, reserved 1148928K
  class space    used 13829K, capacity 14951K, committed 14976K, reserved 1048576K
}
Event: 1457.179 GC heap before
{Heap before GC invocations=33 (full 4):
 PSYoungGen      total 365568K, used 349772K [0x00000000e0000000, 0x00000000f8c00000, 0x0000000100000000)
  eden space 326656K, 100% used [0x00000000e0000000,0x00000000f3f00000,0x00000000f3f00000)
  from space 38912K, 59% used [0x00000000f6600000,0x00000000f7c93108,0x00000000f8c00000)
  to   space 39424K, 0% used [0x00000000f3f00000,0x00000000f3f00000,0x00000000f6580000)
 ParOldGen       total 321024K, used 66423K [0x00000000a0000000, 0x00000000b3980000, 0x00000000e0000000)
  object space 321024K, 20% used [0x00000000a0000000,0x00000000a40ddcd8,0x00000000b3980000)
 Metaspace       used 109266K, capacity 114782K, committed 115020K, reserved 1148928K
  class space    used 13831K, capacity 14952K, committed 14976K, reserved 1048576K
Event: 1457.197 GC heap after
Heap after GC invocations=33 (full 4):
 PSYoungGen      total 366080K, used 25867K [0x00000000e0000000, 0x00000000f8c00000, 0x0000000100000000)
  eden space 326656K, 0% used [0x00000000e0000000,0x00000000e0000000,0x00000000f3f00000)
  from space 39424K, 65% used [0x00000000f3f00000,0x00000000f5842d20,0x00000000f6580000)
  to   space 38912K, 0% used [0x00000000f6600000,0x00000000f6600000,0x00000000f8c00000)
 ParOldGen       total 321024K, used 66431K [0x00000000a0000000, 0x00000000b3980000, 0x00000000e0000000)
  object space 321024K, 20% used [0x00000000a0000000,0x00000000a40dfcd8,0x00000000b3980000)
 Metaspace       used 109266K, capacity 114782K, committed 115020K, reserved 1148928K
  class space    used 13831K, capacity 14952K, committed 14976K, reserved 1048576K
}
Event: 1458.753 GC heap before
{Heap before GC invocations=34 (full 4):
 PSYoungGen      total 366080K, used 352523K [0x00000000e0000000, 0x00000000f8c00000, 0x0000000100000000)
  eden space 326656K, 100% used [0x00000000e0000000,0x00000000f3f00000,0x00000000f3f00000)
  from space 39424K, 65% used [0x00000000f3f00000,0x00000000f5842d20,0x00000000f6580000)
  to   space 38912K, 0% used [0x00000000f6600000,0x00000000f6600000,0x00000000f8c00000)
 ParOldGen       total 321024K, used 66431K [0x00000000a0000000, 0x00000000b3980000, 0x00000000e0000000)
  object space 321024K, 20% used [0x00000000a0000000,0x00000000a40dfcd8,0x00000000b3980000)
 Metaspace       used 109303K, capacity 114786K, committed 115020K, reserved 1148928K
  class space    used 13831K, capacity 14952K, committed 14976K, reserved 1048576K
Event: 1458.770 GC heap after
Heap after GC invocations=34 (full 4):
 PSYoungGen      total 365568K, used 21048K [0x00000000e0000000, 0x00000000f8c00000, 0x0000000100000000)
  eden space 326656K, 0% used [0x00000000e0000000,0x00000000e0000000,0x00000000f3f00000)
  from space 38912K, 54% used [0x00000000f6600000,0x00000000f7a8e130,0x00000000f8c00000)
  to   space 39424K, 0% used [0x00000000f3f00000,0x00000000f3f00000,0x00000000f6580000)
 ParOldGen       total 321024K, used 66439K [0x00000000a0000000, 0x00000000b3980000, 0x00000000e0000000)
  object space 321024K, 20% used [0x00000000a0000000,0x00000000a40e1cd8,0x00000000b3980000)
 Metaspace       used 109303K, capacity 114786K, committed 115020K, reserved 1148928K
  class space    used 13831K, capacity 14952K, committed 14976K, reserved 1048576K
}
Event: 1459.927 GC heap before
{Heap before GC invocations=35 (full 4):
 PSYoungGen      total 365568K, used 347704K [0x00000000e0000000, 0x00000000f8c00000, 0x0000000100000000)
  eden space 326656K, 100% used [0x00000000e0000000,0x00000000f3f00000,0x00000000f3f00000)
  from space 38912K, 54% used [0x00000000f6600000,0x00000000f7a8e130,0x00000000f8c00000)
  to   space 39424K, 0% used [0x00000000f3f00000,0x00000000f3f00000,0x00000000f6580000)
 ParOldGen       total 321024K, used 66439K [0x00000000a0000000, 0x00000000b3980000, 0x00000000e0000000)
  object space 321024K, 20% used [0x00000000a0000000,0x00000000a40e1cd8,0x00000000b3980000)
 Metaspace       used 109315K, capacity 114790K, committed 115020K, reserved 1148928K
  class space    used 13832K, capacity 14952K, committed 14976K, reserved 1048576K
Event: 1459.942 GC heap after
Heap after GC invocations=35 (full 4):
 PSYoungGen      total 366080K, used 23116K [0x00000000e0000000, 0x00000000fa580000, 0x0000000100000000)
  eden space 326656K, 0% used [0x00000000e0000000,0x00000000e0000000,0x00000000f3f00000)
  from space 39424K, 58% used [0x00000000f3f00000,0x00000000f55931d8,0x00000000f6580000)
  to   space 36352K, 0% used [0x00000000f8200000,0x00000000f8200000,0x00000000fa580000)
 ParOldGen       total 321024K, used 66447K [0x00000000a0000000, 0x00000000b3980000, 0x00000000e0000000)
  object space 321024K, 20% used [0x00000000a0000000,0x00000000a40e3cd8,0x00000000b3980000)
 Metaspace       used 109315K, capacity 114790K, committed 115020K, reserved 1148928K
  class space    used 13832K, capacity 14952K, committed 14976K, reserved 1048576K
}

